<?xml version="1.0" encoding="UTF-8"?>
<testsuite name="com.capitalone.dashboard.collector.DefaultBambooClientTests" time="0" tests="8" errors="0" skipped="0" failures="0">
  <properties>
[...]
</properties>
  <testcase name="joinURLsTest" classname="com.capitalone.dashboard.collector.DefaultBambooClientTests" time="0"/>
  <testcase name="buildDetails_full" classname="com.capitalone.dashboard.collector.DefaultBambooClientTests" time="0"/>
  <testcase name="verifyBasicAuth" classname="com.capitalone.dashboard.collector.DefaultBambooClientTests" time="0"/>
  <testcase name="verifyAuthCredentials" classname="com.capitalone.dashboard.collector.DefaultBambooClientTests" time="0"/>
  <testcase name="rebuildURLTest" classname="com.capitalone.dashboard.collector.DefaultBambooClientTests" time="0"/>
  <testcase name="verifyAuthCredentialsBySettings" classname="com.capitalone.dashboard.collector.DefaultBambooClientTests" time="0"/>
  <testcase name="instanceJobs_emptyResponse_returnsEmptyMap" classname="com.capitalone.dashboard.collector.DefaultBambooClientTests" time="0"/>
  <testcase name="verifyGetLogUrl" classname="com.capitalone.dashboard.collector.DefaultBambooClientTests" time="0"/>
</testsuite>